<?xml version="1.0" encoding="UTF-8"?>
<!-- Generated by org.testng.reporters.JUnitReportReporter -->
<testsuite hostname="INBLR03L684" failures="0" tests="1" name="testRunner.Pharma_PfizerRunner" time="14.374" errors="0" timestamp="2022-02-15T19:32:24 IST" skipped="0">
  <testcase classname="testRunner.Pharma_PfizerRunner" name="feature" time="14.374"/>
  <system-out>
    <![CDATA[Test Method resides in testRunner.Pharma_PfizerRunner
Test Method had the following parameters : nullJLL Launching the website first,
Test Status: Pass]]>
  </system-out>
</testsuite> <!-- testRunner.Pharma_PfizerRunner -->
