<?xml version="1.0" encoding="UTF-8"?>
<!-- Generated by org.testng.reporters.JUnitReportReporter -->
<testsuite hostname="BLRIDC52026740" name="pharmaTestSuite.steps.stepsPharma.Creatingcases" tests="1" failures="0" timestamp="10 Jul 2019 07:50:25 GMT" time="124.940" errors="0">
  <testcase name="PatientCount" time="124.940" classname="pharmaTestSuite.steps.stepsPharma.Creatingcases"/>
</testsuite> <!-- pharmaTestSuite.steps.stepsPharma.Creatingcases -->
