<?xml version="1.0" encoding="UTF-8"?>
<!-- Generated by org.testng.reporters.JUnitReportReporter -->
<testsuite hostname="Admin" failures="0" tests="1" name="testRunner.JLL_JllTestRunner" time="48.743" errors="0" timestamp="2022-03-12T16:37:23 IST" skipped="0">
  <testcase classname="testRunner.JLL_JllTestRunner" name="feature" time="48.743"/>
  <system-out>
    <![CDATA[Test Method resides in testRunner.JLL_JllTestRunner
Test Method had the following parameters : nullValidate the Workday component,
Test Status: Pass]]>
  </system-out>
</testsuite> <!-- testRunner.JLL_JllTestRunner -->
